#
# There is insufficient memory for the Java Runtime Environment to continue.
# Native memory allocation (mmap) failed to map 132120576 bytes for G1 virtual space
# Possible reasons:
#   The system is out of physical RAM or swap space
#   The process is running with CompressedOops enabled, and the Java Heap may be blocking the growth of the native heap
# Possible solutions:
#   Reduce memory load on the system
#   Increase physical memory or swap space
#   Check if swap backing store is full
#   Decrease Java heap size (-Xmx/-Xms)
#   Decrease number of Java threads
#   Decrease Java thread stack sizes (-Xss)
#   Set larger code cache with -XX:ReservedCodeCacheSize=
#   JVM is running with Unscaled Compressed Oops mode in which the Java heap is
#     placed in the first 4GB address space. The Java Heap base address is the
#     maximum limit for the native heap growth. Please use -XX:HeapBaseMinAddress
#     to set the Java Heap base and to place the Java Heap above 4GB virtual address.
# This output file may be truncated or incomplete.
#
#  Out of Memory Error (os_windows.cpp:3825), pid=16088, tid=32048
#
# JRE version:  (17.0.10) (build )
# Java VM: OpenJDK 64-Bit Server VM (17.0.10+0--11572160, mixed mode, sharing, tiered, compressed oops, compressed class ptrs, g1 gc, windows-amd64)
# No core dump will be written. Minidumps are not enabled by default on client versions of Windows
#

---------------  S U M M A R Y ------------

Command Line: git4idea.http.GitAskPassApp Username for 'https://github.com': 

Host: Intel(R) Core(TM) i7-8665U CPU @ 1.90GHz, 8 cores, 7G,  Windows 10 , 64 bit Build 19041 (10.0.19041.3636)
Time: Sun May 12 02:39:32 2024 E. Africa Standard Time elapsed time: 0.006961 seconds (0d 0h 0m 0s)

---------------  T H R E A D  ---------------

Current thread (0x00000230ebd6f430):  JavaThread "Unknown thread" [_thread_in_vm, id=32048, stack(0x000000b28b200000,0x000000b28b300000)]

Stack: [0x000000b28b200000,0x000000b28b300000]
Native frames: (J=compiled Java code, j=interpreted, Vv=VM code, C=native code)
V  [jvm.dll+0x688e89]
V  [jvm.dll+0x84247a]
V  [jvm.dll+0x8440be]
V  [jvm.dll+0x844723]
V  [jvm.dll+0x24be0f]
V  [jvm.dll+0x685c59]
V  [jvm.dll+0x67a50a]
V  [jvm.dll+0x30cbab]
V  [jvm.dll+0x314056]
V  [jvm.dll+0x363dce]
V  [jvm.dll+0x363fff]
V  [jvm.dll+0x2e2978]
V  [jvm.dll+0x2e38e4]
V  [jvm.dll+0x813011]
V  [jvm.dll+0x371c81]
V  [jvm.dll+0x7f1b66]
V  [jvm.dll+0x3f58df]
V  [jvm.dll+0x3f7511]
C  [jli.dll+0x528f]
C  [ucrtbase.dll+0x21bb2]
C  [KERNEL32.DLL+0x17344]
C  [ntdll.dll+0x526b1]


---------------  P R O C E S S  ---------------

Threads class SMR info:
_java_thread_list=0x00007ffe080fef58, length=0, elements={
}

Java Threads: ( => current thread )

Other Threads:
  0x00000230ebdc79d0 GCTaskThread "GC Thread#0" [stack: 0x000000b28b300000,0x000000b28b400000] [id=24176]
  0x00000230ebdd9140 ConcurrentGCThread "G1 Main Marker" [stack: 0x000000b28b400000,0x000000b28b500000] [id=7464]
  0x00000230ebdd9a70 ConcurrentGCThread "G1 Conc#0" [stack: 0x000000b28b500000,0x000000b28b600000] [id=25604]

[error occurred during error reporting (printing all threads), id 0xc0000005, EXCEPTION_ACCESS_VIOLATION (0xc0000005) at pc=0x00007ffe078b3547]

VM state: not at safepoint (not fully initialized)

VM Mutex/Monitor currently owned by a thread:  ([mutex/lock_event])
[0x00000230ebd6a1e0] Heap_lock - owner thread: 0x00000230ebd6f430

Heap address: 0x0000000083800000, size: 1992 MB, Compressed Oops mode: 32-bit

CDS archive(s) mapped at: [0x0000000000000000-0x0000000000000000-0x0000000000000000), size 0, SharedBaseAddress: 0x0000000800000000, ArchiveRelocationMode: 1.
Narrow klass base: 0x0000000000000000, Narrow klass shift: 0, Narrow klass range: 0x0

GC Precious Log:
<Empty>

Heap:
 garbage-first heap   total 0K, used 0K [0x0000000083800000, 0x0000000100000000)
  region size 1024K, 0 young (0K), 0 survivors (0K)
 Metaspace       used 0K, committed 0K, reserved 0K
  class space    used 0K, committed 0K, reserved 0K

Heap Regions: E=young(eden), S=young(survivor), O=old, HS=humongous(starts), HC=humongous(continues), CS=collection set, F=free, OA=open archive, CA=closed archive, TAMS=top-at-mark-start (previous, next)

Card table byte_map: [0x00000230fe970000,0x00000230fed60000] _byte_map_base: 0x00000230fe554000

Marking Bits (Prev, Next): (CMBitMap*) 0x00000230ebdc8f10, (CMBitMap*) 0x00000230ebdc8f50
 Prev Bits: [0x0000023080000000, 0x0000023081f20000)
 Next Bits: [0x0000023081f20000, 0x0000023083e40000)

GC Heap History (0 events):
No events

Dll operation events (1 events):
Event: 0.004 Loaded shared library C:\Program Files\Android\Android Studio\jbr\bin\java.dll

Deoptimization events (0 events):
No events

Classes unloaded (0 events):
No events

Classes redefined (0 events):
No events

Internal exceptions (0 events):
No events

VM Operations (0 events):
No events

Events (0 events):
No events


Dynamic libraries:
0x00007ff6e2cf0000 - 0x00007ff6e2cfa000 	C:\Program Files\Android\Android Studio\jbr\bin\java.exe
0x00007ffe5f7f0000 - 0x00007ffe5f9e8000 	C:\WINDOWS\SYSTEM32\ntdll.dll
0x00007ffe5e750000 - 0x00007ffe5e80d000 	C:\WINDOWS\System32\KERNEL32.DLL
0x00007ffe5cf40000 - 0x00007ffe5d236000 	C:\WINDOWS\System32\KERNELBASE.dll
0x00007ffe5d2e0000 - 0x00007ffe5d3e0000 	C:\WINDOWS\System32\ucrtbase.dll
0x00007ffe55b50000 - 0x00007ffe55b67000 	C:\Program Files\Android\Android Studio\jbr\bin\jli.dll
0x00007ffe39ee0000 - 0x00007ffe39efb000 	C:\Program Files\Android\Android Studio\jbr\bin\VCRUNTIME140.dll
0x00007ffe5dad0000 - 0x00007ffe5dc6f000 	C:\WINDOWS\System32\USER32.dll
0x00007ffe3fb10000 - 0x00007ffe3fdaa000 	C:\WINDOWS\WinSxS\amd64_microsoft.windows.common-controls_6595b64144ccf1df_6.0.19041.3636_none_60b6a03d71f818d5\COMCTL32.dll
0x00007ffe5d7f0000 - 0x00007ffe5d812000 	C:\WINDOWS\System32\win32u.dll
0x00007ffe5e2d0000 - 0x00007ffe5e36e000 	C:\WINDOWS\System32\msvcrt.dll
0x00007ffe5dda0000 - 0x00007ffe5ddcb000 	C:\WINDOWS\System32\GDI32.dll
0x00007ffe5d590000 - 0x00007ffe5d6a7000 	C:\WINDOWS\System32\gdi32full.dll
0x00007ffe5cea0000 - 0x00007ffe5cf3d000 	C:\WINDOWS\System32\msvcp_win.dll
0x00007ffe5e810000 - 0x00007ffe5e842000 	C:\WINDOWS\System32\IMM32.DLL
0x00007ffe52400000 - 0x00007ffe5240c000 	C:\Program Files\Android\Android Studio\jbr\bin\vcruntime140_1.dll
0x00007ffe2fce0000 - 0x00007ffe2fd6d000 	C:\Program Files\Android\Android Studio\jbr\bin\msvcp140.dll
0x00007ffe075c0000 - 0x00007ffe08243000 	C:\Program Files\Android\Android Studio\jbr\bin\server\jvm.dll
0x00007ffe5da20000 - 0x00007ffe5dad0000 	C:\WINDOWS\System32\ADVAPI32.dll
0x00007ffe5f3e0000 - 0x00007ffe5f480000 	C:\WINDOWS\System32\sechost.dll
0x00007ffe5dc70000 - 0x00007ffe5dd93000 	C:\WINDOWS\System32\RPCRT4.dll
0x00007ffe5d2b0000 - 0x00007ffe5d2d7000 	C:\WINDOWS\System32\bcrypt.dll
0x00007ffe2d750000 - 0x00007ffe2d759000 	C:\WINDOWS\SYSTEM32\WSOCK32.dll
0x00007ffe3fae0000 - 0x00007ffe3fb07000 	C:\WINDOWS\SYSTEM32\WINMM.dll
0x00007ffe5c920000 - 0x00007ffe5c96b000 	C:\WINDOWS\SYSTEM32\POWRPROF.dll
0x00007ffe5f370000 - 0x00007ffe5f3db000 	C:\WINDOWS\System32\WS2_32.dll
0x00007ffe4cc50000 - 0x00007ffe4cc5a000 	C:\WINDOWS\SYSTEM32\VERSION.dll
0x00007ffe5c890000 - 0x00007ffe5c8a2000 	C:\WINDOWS\SYSTEM32\UMPDC.dll
0x00007ffe5b680000 - 0x00007ffe5b692000 	C:\WINDOWS\SYSTEM32\kernel.appcore.dll
0x00007ffe58490000 - 0x00007ffe5849a000 	C:\Program Files\Android\Android Studio\jbr\bin\jimage.dll
0x00007ffe5abb0000 - 0x00007ffe5ad94000 	C:\WINDOWS\SYSTEM32\DBGHELP.DLL
0x00007ffe3e820000 - 0x00007ffe3e854000 	C:\WINDOWS\SYSTEM32\dbgcore.DLL
0x00007ffe5d760000 - 0x00007ffe5d7e2000 	C:\WINDOWS\System32\bcryptPrimitives.dll
0x00007ffe55610000 - 0x00007ffe55635000 	C:\Program Files\Android\Android Studio\jbr\bin\java.dll

dbghelp: loaded successfully - version: 4.0.5 - missing functions: none
symbol engine: initialized successfully - sym options: 0x614 - pdb path: .;C:\Program Files\Android\Android Studio\jbr\bin;C:\WINDOWS\SYSTEM32;C:\WINDOWS\WinSxS\amd64_microsoft.windows.common-controls_6595b64144ccf1df_6.0.19041.3636_none_60b6a03d71f818d5;C:\Program Files\Android\Android Studio\jbr\bin\server

VM Arguments:
java_command: git4idea.http.GitAskPassApp Username for 'https://github.com': 
java_class_path (initial): C:/Program Files/Android/Android Studio/plugins/vcs-git/lib/git4idea-rt.jar;C:/Program Files/Android/Android Studio/lib/externalProcess-rt.jar
Launcher Type: SUN_STANDARD

[Global flags]
     intx CICompilerCount                          = 4                                         {product} {ergonomic}
     uint ConcGCThreads                            = 2                                         {product} {ergonomic}
     uint G1ConcRefinementThreads                  = 8                                         {product} {ergonomic}
   size_t G1HeapRegionSize                         = 1048576                                   {product} {ergonomic}
    uintx GCDrainStackTargetSize                   = 64                                        {product} {ergonomic}
   size_t InitialHeapSize                          = 132120576                                 {product} {ergonomic}
   size_t MarkStackSize                            = 4194304                                   {product} {ergonomic}
   size_t MaxHeapSize                              = 2088763392                                {product} {ergonomic}
   size_t MinHeapDeltaBytes                        = 1048576                                   {product} {ergonomic}
   size_t MinHeapSize                              = 8388608                                   {product} {ergonomic}
    uintx NonNMethodCodeHeapSize                   = 5839372                                {pd product} {ergonomic}
    uintx NonProfiledCodeHeapSize                  = 122909434                              {pd product} {ergonomic}
    uintx ProfiledCodeHeapSize                     = 122909434                              {pd product} {ergonomic}
    uintx ReservedCodeCacheSize                    = 251658240                              {pd product} {ergonomic}
     bool SegmentedCodeCache                       = true                                      {product} {ergonomic}
   size_t SoftMaxHeapSize                          = 2088763392                             {manageable} {ergonomic}
     bool UseCompressedClassPointers               = true                           {product lp64_product} {ergonomic}
     bool UseCompressedOops                        = true                           {product lp64_product} {ergonomic}
     bool UseG1GC                                  = true                                      {product} {ergonomic}
     bool UseLargePagesIndividualAllocation        = false                                  {pd product} {ergonomic}

Logging:
Log output configuration:
 #0: stdout all=warning uptime,level,tags
 #1: stderr all=off uptime,level,tags

Environment Variables:
PATH=C:\Program Files\Git\mingw64\libexec\git-core;C:\Program Files\Git\mingw64\libexec\git-core;C:\Program Files\Git\mingw64\bin;C:\Program Files\Git\usr\bin;C:\Users\Aaron\bin;C:\Program Files (x86)\Common Files\Intel\Shared Libraries\redist\intel64\compiler;C:\WINDOWS\system32;C:\WINDOWS;C:\WINDOWS\System32\Wbem;C:\WINDOWS\System32\WindowsPowerShell\v1.0;C:\WINDOWS\System32\OpenSSH;C:\Program Files\Dart\dart-sdk\bin;C:\Program Files\Git\cmd;C:\Program Files\Docker\Docker\resources\bin;C:\Program Files\Cloudflare\Cloudflare WARP;C:\Users\Aaron\AppData\Local\Programs\Python\Python311\Scripts;C:\Users\Aaron\AppData\Local\Programs\Python\Python311;C:\Users\Aaron\AppData\Local\Microsoft\WindowsApps;C:\Users\Aaron\AppData\Local\Programs\Microsoft VS Code\bin;C:\Users\Aaron\AppData\Local\GitHubDesktop\bin;C:\Development\flutter\bin;C:\Program Files\Dart\dart-sdk
USERNAME=Aaron
DISPLAY=:0.0
LC_ALL=en_US.UTF-8
TERM=xterm-256color
TMPDIR=C:\Users\Aaron\AppData\Local\Temp
OS=Windows_NT
PROCESSOR_IDENTIFIER=Intel64 Family 6 Model 142 Stepping 12, GenuineIntel
TMP=C:\Users\Aaron\AppData\Local\Temp
TEMP=C:\Users\Aaron\AppData\Local\Temp



Periodic native trim disabled

JNI global refs:
JNI global refs: 0, weak refs: 0

JNI global refs memory usage: 0, weak refs: 0

OOME stack traces (most recent first):
Classloader memory used:


---------------  S Y S T E M  ---------------

OS:
 Windows 10 , 64 bit Build 19041 (10.0.19041.3636)
OS uptime: 7 days 11:45 hours
Hyper-V role detected

CPU: total 8 (initial active 8) (4 cores per cpu, 2 threads per core) family 6 model 142 stepping 12 microcode 0xc6, cx8, cmov, fxsr, ht, mmx, 3dnowpref, sse, sse2, sse3, ssse3, sse4.1, sse4.2, popcnt, lzcnt, tsc, tscinvbit, avx, avx2, aes, erms, clmul, bmi1, bmi2, adx, fma, vzeroupper, clflush, clflushopt, hv
Processor Information for all 8 processors :
  Max Mhz: 2112, Current Mhz: 1910, Mhz Limit: 1900

Memory: 4k page, system-wide physical 7963M (240M free)
TotalPageFile size 24638M (AvailPageFile size 29M)
current process WorkingSet (physical memory assigned to process): 10M, peak: 10M
current process commit charge ("private bytes"): 60M, peak: 186M

vm_info: OpenJDK 64-Bit Server VM (17.0.10+0--11572160) for windows-amd64 JRE (17.0.10+0--11572160), built on Mar 13 2024 23:56:38 by "androidbuild" with MS VC++ 16.10 / 16.11 (VS2019)

END.
